Started by user [8mha:////4KjGU2l2pWXtl+z2DAvifDNy/FTgehywdM8ZcDrdKchyAAAAlx+LCAAAAAAAAP9b85aBtbiIQTGjNKU4P08vOT+vOD8nVc83PyU1x6OyILUoJzMv2y+/JJUBAhiZGBgqihhk0NSjKDWzXb3RdlLBUSYGJk8GtpzUvPSSDB8G5tKinBIGIZ+sxLJE/ZzEvHT94JKizLx0a6BxUmjGOUNodHsLgAzWEgZu/dLi1CL9xJTczDwAj6GcLcAAAAA=[0madmin
Building in workspace /var/lib/jenkins/workspace/java-maven-junit-helloworld
 > git rev-parse --is-inside-work-tree # timeout=10
Fetching changes from the remote Git repository
 > git config remote.origin.url https://github.com/eranfuld/java-maven-junit-helloworld.git # timeout=10
Fetching upstream changes from https://github.com/eranfuld/java-maven-junit-helloworld.git
 > git --version # timeout=10
 > git fetch --tags --progress https://github.com/eranfuld/java-maven-junit-helloworld.git +refs/heads/*:refs/remotes/origin/*
 > git rev-parse refs/remotes/origin/master^{commit} # timeout=10
 > git rev-parse refs/remotes/origin/origin/master^{commit} # timeout=10
Checking out Revision 1447ce1c13adcc8b2d380ea27e86185508abea07 (refs/remotes/origin/master)
 > git config core.sparsecheckout # timeout=10
 > git checkout -f 1447ce1c13adcc8b2d380ea27e86185508abea07
Commit message: "removed #"
 > git rev-list --no-walk 1447ce1c13adcc8b2d380ea27e86185508abea07 # timeout=10
[java-maven-junit-helloworld] $ mvn clean test install package
[INFO] Scanning for projects...
[INFO]                                                                         
[INFO] ------------------------------------------------------------------------
[INFO] Building java-maven-junit-helloworld 2.0-SNAPSHOT
[INFO] ------------------------------------------------------------------------
[INFO] 
[8mha:////4HqvUl711Od0SwC2fZXLgCNeMOQvony6SIEpxAVttvIlAAAAYB+LCAAAAAAAAP9b85aBtbiIQSmjNKU4P0+vJLE4u1gvPjexLDVPzxdEGvvmZ+X75ZekLlOVfvTjc8FPJgaGiiIGKaiG5Py84vycVD1nCA1SyAABjCCFBQCV27OjYAAAAA==[0m[INFO] --- maven-clean-plugin:2.4.1:clean (default-clean) @ java-maven-junit-helloworld ---
[INFO] Deleting /var/lib/jenkins/workspace/java-maven-junit-helloworld/target
[INFO] 
[8mha:////4HqvUl711Od0SwC2fZXLgCNeMOQvony6SIEpxAVttvIlAAAAYB+LCAAAAAAAAP9b85aBtbiIQSmjNKU4P0+vJLE4u1gvPjexLDVPzxdEGvvmZ+X75ZekLlOVfvTjc8FPJgaGiiIGKaiG5Py84vycVD1nCA1SyAABjCCFBQCV27OjYAAAAA==[0m[INFO] --- jacoco-maven-plugin:0.8.1:prepare-agent (jacoco-prepare-agent) @ java-maven-junit-helloworld ---
[INFO] argLine set to -javaagent:/var/lib/jenkins/.m2/repository/org/jacoco/org.jacoco.agent/0.8.1/org.jacoco.agent-0.8.1-runtime.jar=destfile=/var/lib/jenkins/workspace/java-maven-junit-helloworld/target/jacoco.exec
[INFO] 
[8mha:////4HqvUl711Od0SwC2fZXLgCNeMOQvony6SIEpxAVttvIlAAAAYB+LCAAAAAAAAP9b85aBtbiIQSmjNKU4P0+vJLE4u1gvPjexLDVPzxdEGvvmZ+X75ZekLlOVfvTjc8FPJgaGiiIGKaiG5Py84vycVD1nCA1SyAABjCCFBQCV27OjYAAAAA==[0m[INFO] --- maven-resources-plugin:2.5:resources (default-resources) @ java-maven-junit-helloworld ---
[debug] execute contextualize
[INFO] Using 'UTF-8' encoding to copy filtered resources.
[INFO] skip non existing resourceDirectory /var/lib/jenkins/workspace/java-maven-junit-helloworld/src/main/resources
[INFO] 
[8mha:////4HqvUl711Od0SwC2fZXLgCNeMOQvony6SIEpxAVttvIlAAAAYB+LCAAAAAAAAP9b85aBtbiIQSmjNKU4P0+vJLE4u1gvPjexLDVPzxdEGvvmZ+X75ZekLlOVfvTjc8FPJgaGiiIGKaiG5Py84vycVD1nCA1SyAABjCCFBQCV27OjYAAAAA==[0m[INFO] --- maven-compiler-plugin:3.8.0:compile (default-compile) @ java-maven-junit-helloworld ---
[INFO] Changes detected - recompiling the module!
[INFO] Compiling 2 source files to /var/lib/jenkins/workspace/java-maven-junit-helloworld/target/classes
[INFO] 
[8mha:////4HqvUl711Od0SwC2fZXLgCNeMOQvony6SIEpxAVttvIlAAAAYB+LCAAAAAAAAP9b85aBtbiIQSmjNKU4P0+vJLE4u1gvPjexLDVPzxdEGvvmZ+X75ZekLlOVfvTjc8FPJgaGiiIGKaiG5Py84vycVD1nCA1SyAABjCCFBQCV27OjYAAAAA==[0m[INFO] --- maven-resources-plugin:2.5:testResources (default-testResources) @ java-maven-junit-helloworld ---
[debug] execute contextualize
[INFO] Using 'UTF-8' encoding to copy filtered resources.
[INFO] skip non existing resourceDirectory /var/lib/jenkins/workspace/java-maven-junit-helloworld/src/test/resources
[INFO] 
[8mha:////4HqvUl711Od0SwC2fZXLgCNeMOQvony6SIEpxAVttvIlAAAAYB+LCAAAAAAAAP9b85aBtbiIQSmjNKU4P0+vJLE4u1gvPjexLDVPzxdEGvvmZ+X75ZekLlOVfvTjc8FPJgaGiiIGKaiG5Py84vycVD1nCA1SyAABjCCFBQCV27OjYAAAAA==[0m[INFO] --- maven-compiler-plugin:3.8.0:testCompile (default-testCompile) @ java-maven-junit-helloworld ---
[INFO] Changes detected - recompiling the module!
[INFO] Compiling 4 source files to /var/lib/jenkins/workspace/java-maven-junit-helloworld/target/test-classes
[INFO] 
[8mha:////4HqvUl711Od0SwC2fZXLgCNeMOQvony6SIEpxAVttvIlAAAAYB+LCAAAAAAAAP9b85aBtbiIQSmjNKU4P0+vJLE4u1gvPjexLDVPzxdEGvvmZ+X75ZekLlOVfvTjc8FPJgaGiiIGKaiG5Py84vycVD1nCA1SyAABjCCFBQCV27OjYAAAAA==[0m[INFO] --- maven-surefire-plugin:2.22.0:test (default-test) @ java-maven-junit-helloworld ---
[INFO] 
[INFO] -------------------------------------------------------
[INFO]  T E S T S
[INFO] -------------------------------------------------------
[INFO] Running com.example.javamavenjunithelloworld.HelloTest
[INFO] Tests run: 4, Failures: 0, Errors: 0, Skipped: 0, Time elapsed: 0.107 s - in com.example.javamavenjunithelloworld.HelloTest
[INFO] Running com.example.javamavenjunithelloworld.HelloAppTest
Hello!
I don't understand the parameter you passed me. Is it a number? Parameter was: [bicycle]
Hello!
Hello!
Hello!
Something went wrong: Parameter Â«timesÂ» should be a positive number no larger than 20.
[INFO] Tests run: 5, Failures: 0, Errors: 0, Skipped: 0, Time elapsed: 0.658 s - in com.example.javamavenjunithelloworld.HelloAppTest
[INFO] 
[INFO] Results:
[INFO] 
[INFO] Tests run: 9, Failures: 0, Errors: 0, Skipped: 0
[INFO] 
[INFO] 
[8mha:////4HqvUl711Od0SwC2fZXLgCNeMOQvony6SIEpxAVttvIlAAAAYB+LCAAAAAAAAP9b85aBtbiIQSmjNKU4P0+vJLE4u1gvPjexLDVPzxdEGvvmZ+X75ZekLlOVfvTjc8FPJgaGiiIGKaiG5Py84vycVD1nCA1SyAABjCCFBQCV27OjYAAAAA==[0m[INFO] --- jacoco-maven-plugin:0.8.1:prepare-agent (jacoco-prepare-agent) @ java-maven-junit-helloworld ---
[INFO] argLine set to -javaagent:/var/lib/jenkins/.m2/repository/org/jacoco/org.jacoco.agent/0.8.1/org.jacoco.agent-0.8.1-runtime.jar=destfile=/var/lib/jenkins/workspace/java-maven-junit-helloworld/target/jacoco.exec
[INFO] 
[8mha:////4HqvUl711Od0SwC2fZXLgCNeMOQvony6SIEpxAVttvIlAAAAYB+LCAAAAAAAAP9b85aBtbiIQSmjNKU4P0+vJLE4u1gvPjexLDVPzxdEGvvmZ+X75ZekLlOVfvTjc8FPJgaGiiIGKaiG5Py84vycVD1nCA1SyAABjCCFBQCV27OjYAAAAA==[0m[INFO] --- maven-resources-plugin:2.5:resources (default-resources) @ java-maven-junit-helloworld ---
[debug] execute contextualize
[INFO] Using 'UTF-8' encoding to copy filtered resources.
[INFO] skip non existing resourceDirectory /var/lib/jenkins/workspace/java-maven-junit-helloworld/src/main/resources
[INFO] 
[8mha:////4HqvUl711Od0SwC2fZXLgCNeMOQvony6SIEpxAVttvIlAAAAYB+LCAAAAAAAAP9b85aBtbiIQSmjNKU4P0+vJLE4u1gvPjexLDVPzxdEGvvmZ+X75ZekLlOVfvTjc8FPJgaGiiIGKaiG5Py84vycVD1nCA1SyAABjCCFBQCV27OjYAAAAA==[0m[INFO] --- maven-compiler-plugin:3.8.0:compile (default-compile) @ java-maven-junit-helloworld ---
[INFO] Nothing to compile - all classes are up to date
[INFO] 
[8mha:////4HqvUl711Od0SwC2fZXLgCNeMOQvony6SIEpxAVttvIlAAAAYB+LCAAAAAAAAP9b85aBtbiIQSmjNKU4P0+vJLE4u1gvPjexLDVPzxdEGvvmZ+X75ZekLlOVfvTjc8FPJgaGiiIGKaiG5Py84vycVD1nCA1SyAABjCCFBQCV27OjYAAAAA==[0m[INFO] --- maven-resources-plugin:2.5:testResources (default-testResources) @ java-maven-junit-helloworld ---
[debug] execute contextualize
[INFO] Using 'UTF-8' encoding to copy filtered resources.
[INFO] skip non existing resourceDirectory /var/lib/jenkins/workspace/java-maven-junit-helloworld/src/test/resources
[INFO] 
[8mha:////4HqvUl711Od0SwC2fZXLgCNeMOQvony6SIEpxAVttvIlAAAAYB+LCAAAAAAAAP9b85aBtbiIQSmjNKU4P0+vJLE4u1gvPjexLDVPzxdEGvvmZ+X75ZekLlOVfvTjc8FPJgaGiiIGKaiG5Py84vycVD1nCA1SyAABjCCFBQCV27OjYAAAAA==[0m[INFO] --- maven-compiler-plugin:3.8.0:testCompile (default-testCompile) @ java-maven-junit-helloworld ---
[INFO] Nothing to compile - all classes are up to date
[INFO] 
[8mha:////4HqvUl711Od0SwC2fZXLgCNeMOQvony6SIEpxAVttvIlAAAAYB+LCAAAAAAAAP9b85aBtbiIQSmjNKU4P0+vJLE4u1gvPjexLDVPzxdEGvvmZ+X75ZekLlOVfvTjc8FPJgaGiiIGKaiG5Py84vycVD1nCA1SyAABjCCFBQCV27OjYAAAAA==[0m[INFO] --- maven-surefire-plugin:2.22.0:test (default-test) @ java-maven-junit-helloworld ---
[INFO] Skipping execution of surefire because it has already been run for this configuration
[INFO] 
[8mha:////4HqvUl711Od0SwC2fZXLgCNeMOQvony6SIEpxAVttvIlAAAAYB+LCAAAAAAAAP9b85aBtbiIQSmjNKU4P0+vJLE4u1gvPjexLDVPzxdEGvvmZ+X75ZekLlOVfvTjc8FPJgaGiiIGKaiG5Py84vycVD1nCA1SyAABjCCFBQCV27OjYAAAAA==[0m[INFO] --- maven-jar-plugin:2.3.2:jar (default-jar) @ java-maven-junit-helloworld ---
[INFO] Building jar: /var/lib/jenkins/workspace/java-maven-junit-helloworld/target/java-maven-junit-helloworld-2.0-SNAPSHOT.jar
[INFO] 
[8mha:////4HqvUl711Od0SwC2fZXLgCNeMOQvony6SIEpxAVttvIlAAAAYB+LCAAAAAAAAP9b85aBtbiIQSmjNKU4P0+vJLE4u1gvPjexLDVPzxdEGvvmZ+X75ZekLlOVfvTjc8FPJgaGiiIGKaiG5Py84vycVD1nCA1SyAABjCCFBQCV27OjYAAAAA==[0m[INFO] --- jacoco-maven-plugin:0.8.1:prepare-agent-integration (jacoco-prepare-agent-integration) @ java-maven-junit-helloworld ---
[INFO] argLine set to -javaagent:/var/lib/jenkins/.m2/repository/org/jacoco/org.jacoco.agent/0.8.1/org.jacoco.agent-0.8.1-runtime.jar=destfile=/var/lib/jenkins/workspace/java-maven-junit-helloworld/target/jacoco-it.exec
[INFO] 
[8mha:////4HqvUl711Od0SwC2fZXLgCNeMOQvony6SIEpxAVttvIlAAAAYB+LCAAAAAAAAP9b85aBtbiIQSmjNKU4P0+vJLE4u1gvPjexLDVPzxdEGvvmZ+X75ZekLlOVfvTjc8FPJgaGiiIGKaiG5Py84vycVD1nCA1SyAABjCCFBQCV27OjYAAAAA==[0m[INFO] --- maven-failsafe-plugin:2.22.0:integration-test (default) @ java-maven-junit-helloworld ---
[INFO] 
[INFO] -------------------------------------------------------
[INFO]  T E S T S
[INFO] -------------------------------------------------------
[INFO] Running com.example.javamavenjunithelloworld.HelloWithTestsIT
[INFO] Tests run: 2, Failures: 0, Errors: 0, Skipped: 0, Time elapsed: 0.054 s - in com.example.javamavenjunithelloworld.HelloWithTestsIT
[INFO] 
[INFO] Results:
[INFO] 
[INFO] Tests run: 2, Failures: 0, Errors: 0, Skipped: 0
[INFO] 
[INFO] 
[8mha:////4HqvUl711Od0SwC2fZXLgCNeMOQvony6SIEpxAVttvIlAAAAYB+LCAAAAAAAAP9b85aBtbiIQSmjNKU4P0+vJLE4u1gvPjexLDVPzxdEGvvmZ+X75ZekLlOVfvTjc8FPJgaGiiIGKaiG5Py84vycVD1nCA1SyAABjCCFBQCV27OjYAAAAA==[0m[INFO] --- maven-failsafe-plugin:2.22.0:verify (default) @ java-maven-junit-helloworld ---
[INFO] 
[8mha:////4HqvUl711Od0SwC2fZXLgCNeMOQvony6SIEpxAVttvIlAAAAYB+LCAAAAAAAAP9b85aBtbiIQSmjNKU4P0+vJLE4u1gvPjexLDVPzxdEGvvmZ+X75ZekLlOVfvTjc8FPJgaGiiIGKaiG5Py84vycVD1nCA1SyAABjCCFBQCV27OjYAAAAA==[0m[INFO] --- jacoco-maven-plugin:0.8.1:report (jacoco-report) @ java-maven-junit-helloworld ---
[INFO] Loading execution data file /var/lib/jenkins/workspace/java-maven-junit-helloworld/target/jacoco.exec
[INFO] Analyzed bundle 'java-maven-junit-helloworld' with 2 classes
[INFO] 
[8mha:////4HqvUl711Od0SwC2fZXLgCNeMOQvony6SIEpxAVttvIlAAAAYB+LCAAAAAAAAP9b85aBtbiIQSmjNKU4P0+vJLE4u1gvPjexLDVPzxdEGvvmZ+X75ZekLlOVfvTjc8FPJgaGiiIGKaiG5Py84vycVD1nCA1SyAABjCCFBQCV27OjYAAAAA==[0m[INFO] --- jacoco-maven-plugin:0.8.1:check (jacoco-check) @ java-maven-junit-helloworld ---
[INFO] Loading execution data file /var/lib/jenkins/workspace/java-maven-junit-helloworld/target/jacoco.exec
[INFO] Analyzed bundle 'java-maven-junit-helloworld' with 2 classes
[INFO] All coverage checks have been met.
[INFO] 
[8mha:////4HqvUl711Od0SwC2fZXLgCNeMOQvony6SIEpxAVttvIlAAAAYB+LCAAAAAAAAP9b85aBtbiIQSmjNKU4P0+vJLE4u1gvPjexLDVPzxdEGvvmZ+X75ZekLlOVfvTjc8FPJgaGiiIGKaiG5Py84vycVD1nCA1SyAABjCCFBQCV27OjYAAAAA==[0m[INFO] --- jacoco-maven-plugin:0.8.1:merge (jacoco-merge) @ java-maven-junit-helloworld ---
[INFO] Loading execution data file /var/lib/jenkins/workspace/java-maven-junit-helloworld/target/jacoco.exec
[INFO] Loading execution data file /var/lib/jenkins/workspace/java-maven-junit-helloworld/target/jacoco-it.exec
[INFO] Writing merged execution data to /var/lib/jenkins/workspace/java-maven-junit-helloworld/target/jacoco-both.exec
[INFO] 
[8mha:////4HqvUl711Od0SwC2fZXLgCNeMOQvony6SIEpxAVttvIlAAAAYB+LCAAAAAAAAP9b85aBtbiIQSmjNKU4P0+vJLE4u1gvPjexLDVPzxdEGvvmZ+X75ZekLlOVfvTjc8FPJgaGiiIGKaiG5Py84vycVD1nCA1SyAABjCCFBQCV27OjYAAAAA==[0m[INFO] --- jacoco-maven-plugin:0.8.1:report-integration (jacoco-integration) @ java-maven-junit-helloworld ---
[INFO] Loading execution data file /var/lib/jenkins/workspace/java-maven-junit-helloworld/target/jacoco-it.exec
[INFO] Analyzed bundle 'java-maven-junit-helloworld' with 2 classes
[INFO] 
[8mha:////4HqvUl711Od0SwC2fZXLgCNeMOQvony6SIEpxAVttvIlAAAAYB+LCAAAAAAAAP9b85aBtbiIQSmjNKU4P0+vJLE4u1gvPjexLDVPzxdEGvvmZ+X75ZekLlOVfvTjc8FPJgaGiiIGKaiG5Py84vycVD1nCA1SyAABjCCFBQCV27OjYAAAAA==[0m[INFO] --- jacoco-maven-plugin:0.8.1:report (jacoco-reportboth) @ java-maven-junit-helloworld ---
[INFO] Loading execution data file /var/lib/jenkins/workspace/java-maven-junit-helloworld/target/jacoco-both.exec
[INFO] Analyzed bundle 'java-maven-junit-helloworld' with 2 classes
[INFO] 
[8mha:////4HqvUl711Od0SwC2fZXLgCNeMOQvony6SIEpxAVttvIlAAAAYB+LCAAAAAAAAP9b85aBtbiIQSmjNKU4P0+vJLE4u1gvPjexLDVPzxdEGvvmZ+X75ZekLlOVfvTjc8FPJgaGiiIGKaiG5Py84vycVD1nCA1SyAABjCCFBQCV27OjYAAAAA==[0m[INFO] --- maven-install-plugin:2.3.1:install (default-install) @ java-maven-junit-helloworld ---
[INFO] Installing /var/lib/jenkins/workspace/java-maven-junit-helloworld/target/java-maven-junit-helloworld-2.0-SNAPSHOT.jar to /var/lib/jenkins/.m2/repository/com/example/java-maven-junit-helloworld/2.0-SNAPSHOT/java-maven-junit-helloworld-2.0-SNAPSHOT.jar
[INFO] Installing /var/lib/jenkins/workspace/java-maven-junit-helloworld/pom.xml to /var/lib/jenkins/.m2/repository/com/example/java-maven-junit-helloworld/2.0-SNAPSHOT/java-maven-junit-helloworld-2.0-SNAPSHOT.pom
[INFO] 
[8mha:////4HqvUl711Od0SwC2fZXLgCNeMOQvony6SIEpxAVttvIlAAAAYB+LCAAAAAAAAP9b85aBtbiIQSmjNKU4P0+vJLE4u1gvPjexLDVPzxdEGvvmZ+X75ZekLlOVfvTjc8FPJgaGiiIGKaiG5Py84vycVD1nCA1SyAABjCCFBQCV27OjYAAAAA==[0m[INFO] --- jacoco-maven-plugin:0.8.1:prepare-agent (jacoco-prepare-agent) @ java-maven-junit-helloworld ---
[INFO] argLine set to -javaagent:/var/lib/jenkins/.m2/repository/org/jacoco/org.jacoco.agent/0.8.1/org.jacoco.agent-0.8.1-runtime.jar=destfile=/var/lib/jenkins/workspace/java-maven-junit-helloworld/target/jacoco.exec
[INFO] 
[8mha:////4HqvUl711Od0SwC2fZXLgCNeMOQvony6SIEpxAVttvIlAAAAYB+LCAAAAAAAAP9b85aBtbiIQSmjNKU4P0+vJLE4u1gvPjexLDVPzxdEGvvmZ+X75ZekLlOVfvTjc8FPJgaGiiIGKaiG5Py84vycVD1nCA1SyAABjCCFBQCV27OjYAAAAA==[0m[INFO] --- maven-resources-plugin:2.5:resources (default-resources) @ java-maven-junit-helloworld ---
[debug] execute contextualize
[INFO] Using 'UTF-8' encoding to copy filtered resources.
[INFO] skip non existing resourceDirectory /var/lib/jenkins/workspace/java-maven-junit-helloworld/src/main/resources
[INFO] 
[8mha:////4HqvUl711Od0SwC2fZXLgCNeMOQvony6SIEpxAVttvIlAAAAYB+LCAAAAAAAAP9b85aBtbiIQSmjNKU4P0+vJLE4u1gvPjexLDVPzxdEGvvmZ+X75ZekLlOVfvTjc8FPJgaGiiIGKaiG5Py84vycVD1nCA1SyAABjCCFBQCV27OjYAAAAA==[0m[INFO] --- maven-compiler-plugin:3.8.0:compile (default-compile) @ java-maven-junit-helloworld ---
[INFO] Nothing to compile - all classes are up to date
[INFO] 
[8mha:////4HqvUl711Od0SwC2fZXLgCNeMOQvony6SIEpxAVttvIlAAAAYB+LCAAAAAAAAP9b85aBtbiIQSmjNKU4P0+vJLE4u1gvPjexLDVPzxdEGvvmZ+X75ZekLlOVfvTjc8FPJgaGiiIGKaiG5Py84vycVD1nCA1SyAABjCCFBQCV27OjYAAAAA==[0m[INFO] --- maven-resources-plugin:2.5:testResources (default-testResources) @ java-maven-junit-helloworld ---
[debug] execute contextualize
[INFO] Using 'UTF-8' encoding to copy filtered resources.
[INFO] skip non existing resourceDirectory /var/lib/jenkins/workspace/java-maven-junit-helloworld/src/test/resources
[INFO] 
[8mha:////4HqvUl711Od0SwC2fZXLgCNeMOQvony6SIEpxAVttvIlAAAAYB+LCAAAAAAAAP9b85aBtbiIQSmjNKU4P0+vJLE4u1gvPjexLDVPzxdEGvvmZ+X75ZekLlOVfvTjc8FPJgaGiiIGKaiG5Py84vycVD1nCA1SyAABjCCFBQCV27OjYAAAAA==[0m[INFO] --- maven-compiler-plugin:3.8.0:testCompile (default-testCompile) @ java-maven-junit-helloworld ---
[INFO] Nothing to compile - all classes are up to date
[INFO] 
[8mha:////4HqvUl711Od0SwC2fZXLgCNeMOQvony6SIEpxAVttvIlAAAAYB+LCAAAAAAAAP9b85aBtbiIQSmjNKU4P0+vJLE4u1gvPjexLDVPzxdEGvvmZ+X75ZekLlOVfvTjc8FPJgaGiiIGKaiG5Py84vycVD1nCA1SyAABjCCFBQCV27OjYAAAAA==[0m[INFO] --- maven-surefire-plugin:2.22.0:test (default-test) @ java-maven-junit-helloworld ---
[INFO] Skipping execution of surefire because it has already been run for this configuration
[INFO] 
[8mha:////4HqvUl711Od0SwC2fZXLgCNeMOQvony6SIEpxAVttvIlAAAAYB+LCAAAAAAAAP9b85aBtbiIQSmjNKU4P0+vJLE4u1gvPjexLDVPzxdEGvvmZ+X75ZekLlOVfvTjc8FPJgaGiiIGKaiG5Py84vycVD1nCA1SyAABjCCFBQCV27OjYAAAAA==[0m[INFO] --- maven-jar-plugin:2.3.2:jar (default-jar) @ java-maven-junit-helloworld ---
[INFO] ------------------------------------------------------------------------
[INFO] BUILD SUCCESS
[INFO] ------------------------------------------------------------------------
[INFO] Total time: 9.029s
[INFO] Finished at: Tue Jan 01 08:57:55 GMT-02:00 2019
[INFO] Final Memory: 20M/58M
[INFO] ------------------------------------------------------------------------
[java-maven-junit-helloworld] $ /bin/sh -xe /tmp/jenkins8016264276467331278.sh
+ ansible -m ping all
ec2-35-177-250-45.eu-west-2.compute.amazonaws.com | UNREACHABLE! => {
    "changed": false, 
    "msg": "Failed to connect to the host via ssh: Host key verification failed.\r\n", 
    "unreachable": true
}
Build step 'Execute shell' marked build as failure
Finished: FAILURE
